Start testing: Feb 10 23:36 UTC
----------------------------------------------------------
74/1058 Testing: TestEzApp_DefaultConstructor
74/1058 Test: TestEzApp_DefaultConstructor
Command: "/home/runner/work/ezLibs/ezLibs/build_linux_release/Tests/TestApp/EzLibs_TestApp" "TestEzApp_DefaultConstructor"
Directory: /home/runner/work/ezLibs/ezLibs/build_linux_release/Tests/TestApp
"TestEzApp_DefaultConstructor" start time: Feb 10 23:36 UTC
Output:
----------------------------------------------------------
Exec test : TestEzApp_DefaultConstructor
<end of output>
Test time =   0.00 sec
----------------------------------------------------------
Test Passed.
"TestEzApp_DefaultConstructor" end time: Feb 10 23:36 UTC
"TestEzApp_DefaultConstructor" time elapsed: 00:00:00
----------------------------------------------------------

75/1058 Testing: TestEzApp_SetAppPath
75/1058 Test: TestEzApp_SetAppPath
Command: "/home/runner/work/ezLibs/ezLibs/build_linux_release/Tests/TestApp/EzLibs_TestApp" "TestEzApp_SetAppPath"
Directory: /home/runner/work/ezLibs/ezLibs/build_linux_release/Tests/TestApp
"TestEzApp_SetAppPath" start time: Feb 10 23:36 UTC
Output:
----------------------------------------------------------
Exec test : TestEzApp_SetAppPath
<end of output>
Test time =   0.00 sec
----------------------------------------------------------
Test Passed.
"TestEzApp_SetAppPath" end time: Feb 10 23:36 UTC
"TestEzApp_SetAppPath" time elapsed: 00:00:00
----------------------------------------------------------

76/1058 Testing: TestEzApp_SetAppPathWithBackslash
76/1058 Test: TestEzApp_SetAppPathWithBackslash
Command: "/home/runner/work/ezLibs/ezLibs/build_linux_release/Tests/TestApp/EzLibs_TestApp" "TestEzApp_SetAppPathWithBackslash"
Directory: /home/runner/work/ezLibs/ezLibs/build_linux_release/Tests/TestApp
"TestEzApp_SetAppPathWithBackslash" start time: Feb 10 23:36 UTC
Output:
----------------------------------------------------------
Exec test : TestEzApp_SetAppPathWithBackslash
<end of output>
Test time =   0.00 sec
----------------------------------------------------------
Test Passed.
"TestEzApp_SetAppPathWithBackslash" end time: Feb 10 23:36 UTC
"TestEzApp_SetAppPathWithBackslash" time elapsed: 00:00:00
----------------------------------------------------------

77/1058 Testing: TestEzApp_SetAppPathEmpty
77/1058 Test: TestEzApp_SetAppPathEmpty
Command: "/home/runner/work/ezLibs/ezLibs/build_linux_release/Tests/TestApp/EzLibs_TestApp" "TestEzApp_SetAppPathEmpty"
Directory: /home/runner/work/ezLibs/ezLibs/build_linux_release/Tests/TestApp
"TestEzApp_SetAppPathEmpty" start time: Feb 10 23:36 UTC
Output:
----------------------------------------------------------
Exec test : TestEzApp_SetAppPathEmpty
<end of output>
Test time =   0.00 sec
----------------------------------------------------------
Test Passed.
"TestEzApp_SetAppPathEmpty" end time: Feb 10 23:36 UTC
"TestEzApp_SetAppPathEmpty" time elapsed: 00:00:00
----------------------------------------------------------

78/1058 Testing: TestEzApp_GetCurDirectory
78/1058 Test: TestEzApp_GetCurDirectory
Command: "/home/runner/work/ezLibs/ezLibs/build_linux_release/Tests/TestApp/EzLibs_TestApp" "TestEzApp_GetCurDirectory"
Directory: /home/runner/work/ezLibs/ezLibs/build_linux_release/Tests/TestApp
"TestEzApp_GetCurDirectory" start time: Feb 10 23:36 UTC
Output:
----------------------------------------------------------
Exec test : TestEzApp_GetCurDirectory
<end of output>
Test time =   0.00 sec
----------------------------------------------------------
Test Passed.
"TestEzApp_GetCurDirectory" end time: Feb 10 23:36 UTC
"TestEzApp_GetCurDirectory" time elapsed: 00:00:00
----------------------------------------------------------

79/1058 Testing: TestEzApp_SetCurDirectory
79/1058 Test: TestEzApp_SetCurDirectory
Command: "/home/runner/work/ezLibs/ezLibs/build_linux_release/Tests/TestApp/EzLibs_TestApp" "TestEzApp_SetCurDirectory"
Directory: /home/runner/work/ezLibs/ezLibs/build_linux_release/Tests/TestApp
"TestEzApp_SetCurDirectory" start time: Feb 10 23:36 UTC
Output:
----------------------------------------------------------
Exec test : TestEzApp_SetCurDirectory
<end of output>
Test time =   0.00 sec
----------------------------------------------------------
Test Passed.
"TestEzApp_SetCurDirectory" end time: Feb 10 23:36 UTC
"TestEzApp_SetCurDirectory" time elapsed: 00:00:00
----------------------------------------------------------

80/1058 Testing: TestEzApp_MiniFunction
80/1058 Test: TestEzApp_MiniFunction
Command: "/home/runner/work/ezLibs/ezLibs/build_linux_release/Tests/TestApp/EzLibs_TestApp" "TestEzApp_MiniFunction"
Directory: /home/runner/work/ezLibs/ezLibs/build_linux_release/Tests/TestApp
"TestEzApp_MiniFunction" start time: Feb 10 23:36 UTC
Output:
----------------------------------------------------------
Exec test : TestEzApp_MiniFunction
<end of output>
Test time =   0.00 sec
----------------------------------------------------------
Test Passed.
"TestEzApp_MiniFunction" end time: Feb 10 23:36 UTC
"TestEzApp_MiniFunction" time elapsed: 00:00:00
----------------------------------------------------------

81/1058 Testing: TestEzApp_ConstructorWithArgv
81/1058 Test: TestEzApp_ConstructorWithArgv
Command: "/home/runner/work/ezLibs/ezLibs/build_linux_release/Tests/TestApp/EzLibs_TestApp" "TestEzApp_ConstructorWithArgv"
Directory: /home/runner/work/ezLibs/ezLibs/build_linux_release/Tests/TestApp
"TestEzApp_ConstructorWithArgv" start time: Feb 10 23:36 UTC
Output:
----------------------------------------------------------
Exec test : TestEzApp_ConstructorWithArgv
<end of output>
Test time =   0.00 sec
----------------------------------------------------------
Test Passed.
"TestEzApp_ConstructorWithArgv" end time: Feb 10 23:36 UTC
"TestEzApp_ConstructorWithArgv" time elapsed: 00:00:00
----------------------------------------------------------

End testing: Feb 10 23:36 UTC
